DLL version: 2.1.1
Wednesday, January 22, 2014 10:32:26   Start new logging
ModuleID[1] LevelID[10]: Parse C:\Users\vvdn1\Desktop\Desktop\A\Mfgtools-Rel-2.1.0_130506_MX6SL_UPDATER\Mfgtools-Rel-2.1.0_130506_MX6SL_UPDATER\cfg.ini file success[chip: MX6SL Linux Update, List: EVK-SPI_NOR]
ModuleID[1] LevelID[10]: Parse C:\Users\vvdn1\Desktop\Desktop\A\Mfgtools-Rel-2.1.0_130506_MX6SL_UPDATER\Mfgtools-Rel-2.1.0_130506_MX6SL_UPDATER\Profiles\MX6SL Linux Update\OS Firmware\ucl2.xml file success
ModuleID[2] LevelID[10]: CMyExceptionHandler thread is running
ModuleID[2] LevelID[1]: new MxHidDeviceClass
ModuleID[2] LevelID[10]: new MxHidDevice[009EAAF8]
ModuleID[2] LevelID[10]: DeviceTypeDisk--_devices size: 1
ModuleID[2] LevelID[10]: Volume--StorageDisk, Disk->_driveNumber:1, Volume->_diskNumber:1
ModuleID[2] LevelID[10]: DeviceTypeDisk--find Disk device: 009F3E60
ModuleID[2] LevelID[10]: Device::hubIndex::getmsc, return the port index is: 7
ModuleID[2] LevelID[10]: Device Manager thread is running
ModuleID[1] LevelID[10]: Initialize Device Manager success
ModuleID[2] LevelID[10]: CmdOperation[0] device chagned and reset to state 0
ModuleID[2] LevelID[10]: ExecuteCommand--Boot[WndIndex:0], File is C:\Users\vvdn1\Desktop\Desktop\A\Mfgtools-Rel-2.1.0_130506_MX6SL_UPDATER\Mfgtools-Rel-2.1.0_130506_MX6SL_UPDATER\Profiles\MX6SL Linux Update\OS Firmware\u-boot-mx6sl-evk.bin
ModuleID[2] LevelID[10]: ExecuteCommand--Load[WndIndex:0], File is C:\Users\vvdn1\Desktop\Desktop\A\Mfgtools-Rel-2.1.0_130506_MX6SL_UPDATER\Mfgtools-Rel-2.1.0_130506_MX6SL_UPDATER\Profiles\MX6SL Linux Update\OS Firmware\uImage, address is 0x80800000
ModuleID[2] LevelID[10]: PortMgrDlg(0)--Command Load excute successfully, retry count: 0
ModuleID[2] LevelID[10]: ExecuteCommand--Load[WndIndex:0], File is C:\Users\vvdn1\Desktop\Desktop\A\Mfgtools-Rel-2.1.0_130506_MX6SL_UPDATER\Mfgtools-Rel-2.1.0_130506_MX6SL_UPDATER\Profiles\MX6SL Linux Update\OS Firmware\initramfs.cpio.gz.uboot, address is 0x80C00000
ModuleID[2] LevelID[10]: PortMgrDlg(0)--Command Load excute successfully, retry count: 0
ModuleID[2] LevelID[10]: ExecuteCommand--Jump[WndIndex:0]
ModuleID[2] LevelID[10]: *********MxHidDevice[009EAAF8] Jump to Ramkernel successfully!**********
ModuleID[2] LevelID[10]: CmdOperation[0], current state command has been finished and the last command is successful, so SetEvent(hDevCanDeleteEvent)
ModuleID[2] LevelID[10]: DeviceManager::DevChangeWnd::OnDeviceChange() - DEVICE_REMOVAL_EVT(\\?\USB#VID_15A2&PID_0063#5&22a7844a&0&2#{a5dcbf10-6530-11d2-901f-00c04fb951ed})
ModuleID[2] LevelID[10]: DeviceManager::DevChangeWnd::OnDeviceChange() - end
ModuleID[2] LevelID[10]: DeviceManager::OnMsgDeviceEvent() - DEVICE_REMOVAL_EVT(\\?\USB#VID_15A2&PID_0063#5&22a7844a&0&2#{a5dcbf10-6530-11d2-901f-00c04fb951ed})
ModuleID[2] LevelID[10]: DeviceClass::FindDeviceByUsbPath--DeviceListType_Current, _devices.size: 1
ModuleID[2] LevelID[10]: DeviceClass::FindDeviceByUsbPath--DeviceListType_Current, devInstPathToFind: USB\VID_15A2&PID_0063\5&22A7844A&0&2, _deviceInstanceID: USB\VID_15A2&PID_0063\5&22A7844A&0&2
ModuleID[2] LevelID[10]: DeviceClass::FindDeviceByUsbPath--DeviceListType_Current, Find the device
ModuleID[2] LevelID[10]: DeviceManager::OnMsgDeviceEvent() - DEVICE_REMOVAL_EVT,[MxHidDeviceClass] vid_15a2&pid_0063, Hub:4-Port:2
ModuleID[2] LevelID[10]: DeviceManager::OnMsgDeviceEvent() - DEVICE_REMOVAL_EVT, Notify
ModuleID[2] LevelID[10]: CmdOpreation[0]--OnDeviceChangeNotify, Volume Arrive/Remove or Device Arrive/Remove
ModuleID[2] LevelID[10]: CmdOpreation[0]--OnDeviceChangeNotify, m_p_usb_port is not NULL, so only refresh
ModuleID[2] LevelID[10]: CmdOpreation[0]--OnDeviceChangeNotify, Volume/Device Remove
ModuleID[2] LevelID[1]: CmdOpreation[0]--set m_hDeviceRemoveEvent.
ModuleID[2] LevelID[10]: CmdOpreation[0]--WaitforEvents device remove1
ModuleID[2] LevelID[10]: DeviceManager::OnMsgDeviceEvent()-DEVICE_REMOVAL_EVT, hDevCanDeleteEvent has been set
ModuleID[2] LevelID[10]: delete MxHidDevice[009EAAF8]
ModuleID[2] LevelID[10]: DeviceManager::DevChangeWnd::OnDeviceChange() - DEVICE_ARRIVAL_EVT(\\?\USB#VID_066F&PID_37FF#5&22a7844a&0&2#{a5dcbf10-6530-11d2-901f-00c04fb951ed})
ModuleID[2] LevelID[10]: DeviceManager::DevChangeWnd::OnDeviceChange() - end
ModuleID[2] LevelID[10]: DeviceManager::OnMsgDeviceEvent() - DEVICE_ARRIVAL_EVT(\\?\USB#VID_066F&PID_37FF#5&22a7844a&0&2#{a5dcbf10-6530-11d2-901f-00c04fb951ed})
ModuleID[2] LevelID[10]: DeviceManager::OnMsgDeviceEvent() - DEVICE_ARRIVAL_EVT,[Msc,DiskDeviceClass] vid_066f&pid_37ff, not handled
ModuleID[2] LevelID[10]: DeviceManager::DevChangeWnd::OnDeviceChange() - VOLUME_ARRIVAL_EVT(G)
ModuleID[2] LevelID[10]: DeviceManager::DevChangeWnd::OnDeviceChange() - end
ModuleID[2] LevelID[10]: DeviceManager::OnMsgDeviceEvent() - VOLUME_ARRIVAL_EVT(G)
ModuleID[2] LevelID[10]: VolumeDeviceClass::AddUsbDevice()  G
ModuleID[2] LevelID[10]: DeviceTypeDisk--_devices size: 2
ModuleID[2] LevelID[10]: Volume--StorageDisk, Disk->_driveNumber:1, Volume->_diskNumber:1
ModuleID[2] LevelID[10]: DeviceTypeDisk--find Disk device: 009F3E60
ModuleID[2] LevelID[10]: Device::hubIndex::getmsc, return the port index is: 7
ModuleID[2] LevelID[10]: DeviceTypeDisk--_devices size: 2
ModuleID[2] LevelID[10]: Volume--StorageDisk, Disk->_driveNumber:1, Volume->_diskNumber:2
ModuleID[2] LevelID[10]: Volume--StorageDisk, Disk->_driveNumber:2, Volume->_diskNumber:2
ModuleID[2] LevelID[10]: DeviceTypeDisk--find Disk device: 009FC5A8
ModuleID[2] LevelID[10]: Device::hubIndex::getmsc, return the port index is: 2
ModuleID[2] LevelID[10]: VolumeDeviceClass::AddUsbDevice() successful G add to current list, retrycount: 0
ModuleID[2] LevelID[10]: Device::hubIndex::getmsc, return the port index is: 2
ModuleID[2] LevelID[10]: DeviceManager::OnMsgDeviceEvent() - VOLUME_ARRIVAL_EVT-Disk(G), Hub:4-Port:2
ModuleID[2] LevelID[10]: DeviceManager::OnMsgDeviceEvent() - VOLUME_ARRIVAL_EVT, Notify
ModuleID[2] LevelID[10]: CmdOpreation[0]--OnDeviceChangeNotify, Volume Arrive/Remove or Device Arrive/Remove
ModuleID[2] LevelID[10]: CmdOpreation[0]--OnDeviceChangeNotify, m_p_usb_port is not NULL, so only refresh
ModuleID[2] LevelID[10]: CmdOpreation[0]--OnDeviceChangeNotify, Volume/Device Arrive
ModuleID[2] LevelID[1]: CmdOpreation[0]--set m_hDeviceArriveEvent.
ModuleID[2] LevelID[10]: CmdOpreation[0]--WaitforEvents device arrive1
ModuleID[2] LevelID[10]: CmdOperation[0] device chagned and reset to state 1
ModuleID[2] LevelID[10]: ExecuteCommand--Push[WndIndex:0], Body is $ flash_erase /dev/mtd0 0 0
ModuleID[2] LevelID[10]: ExecuteCommand--Push[WndIndex:0], Body is send
ModuleID[2] LevelID[10]: ExecuteCommand--Push[WndIndex:0], Body is $ flashcp $FILE /dev/mtd0
ModuleID[2] LevelID[10]: ExecuteCommand--Push[WndIndex:0], Body is $ flash_erase /dev/mtd1 0 0 
ModuleID[2] LevelID[10]: ExecuteCommand--Push[WndIndex:0], Body is send
ModuleID[2] LevelID[10]: ExecuteCommand--Push[WndIndex:0], Body is $ dd if=$FILE of=/dev/mtd1 bs=512
ModuleID[2] LevelID[10]: ExecuteCommand--Push[WndIndex:0], Body is send
ModuleID[2] LevelID[10]: ExecuteCommand--Push[WndIndex:0], Body is $ dd if=$FILE of=/dev/mtd1 bs=512 seek=8192
ModuleID[2] LevelID[10]: ExecuteCommand--Push[WndIndex:0], Body is $ echo Update Complete!
ModuleID[2] LevelID[10]: DeviceManager::DevChangeWnd::OnDeviceChange() - DEVICE_REMOVAL_EVT(\\?\USB#VID_066F&PID_37FF#5&22a7844a&0&2#{a5dcbf10-6530-11d2-901f-00c04fb951ed})
ModuleID[2] LevelID[10]: DeviceManager::DevChangeWnd::OnDeviceChange() - end
ModuleID[2] LevelID[10]: DeviceManager::OnMsgDeviceEvent() - DEVICE_REMOVAL_EVT(\\?\USB#VID_066F&PID_37FF#5&22a7844a&0&2#{a5dcbf10-6530-11d2-901f-00c04fb951ed})
ModuleID[2] LevelID[10]: DeviceManager::OnMsgDeviceEvent() - DEVICE_REMOVAL_EVT,[Msc,DiskDeviceClass] vid_066f&pid_37ff, not handled
ModuleID[2] LevelID[10]: DeviceManager::DevChangeWnd::OnDeviceChange() - VOLUME_REMOVAL_EVT(G)
ModuleID[2] LevelID[10]: DeviceManager::DevChangeWnd::OnDeviceChange() - end
ModuleID[2] LevelID[10]: DeviceManager::OnMsgDeviceEvent() - VOLUME_REMOVAL_EVT(G)
ModuleID[2] LevelID[10]: Device::hubIndex::getmsc, return the port index is: 2
ModuleID[2] LevelID[10]: DeviceManager::OnMsgDeviceEvent() - VOLUME_REMOVAL_EVT-Disk(G), Hub:4-Port:2
ModuleID[2] LevelID[10]: DeviceManager::OnMsgDeviceEvent() - VOLUME_REMOVAL_EVT, Notify
ModuleID[2] LevelID[10]: CmdOpreation[0]--OnDeviceChangeNotify, Volume Arrive/Remove or Device Arrive/Remove
ModuleID[2] LevelID[10]: CmdOpreation[0]--OnDeviceChangeNotify, m_p_usb_port is not NULL, so only refresh
ModuleID[2] LevelID[10]: CmdOpreation[0]--OnDeviceChangeNotify, Volume/Device Remove
ModuleID[2] LevelID[1]: CmdOpreation[0]--set m_hDeviceRemoveEvent.
ModuleID[2] LevelID[10]: DeviceManager::OnMsgDeviceEvent()-VOLUME_REMOVAL_EVT, wait hDevCanDeleteEvent
ModuleID[2] LevelID[10]: CmdOpreation[0]--WaitforEvents device remove1
ModuleID[2] LevelID[10]: DeviceManager::OnMsgDeviceEvent()-VOLUME_REMOVAL_EVT, hDevCanDeleteEvent has been set
ModuleID[2] LevelID[10]: DeviceManager::OnMsgDeviceEvent()-VOLUME_REMOVAL_EVT, delete Disk:009FC5A8, Volume:009FCAB0
ModuleID[2] LevelID[10]: CCmdOpreation[0] thread is Closed
ModuleID[2] LevelID[10]: CCmdOpreation thread is Closed
ModuleID[2] LevelID[10]: DeviceManager::OnMsgDeviceEvent() - EVENT_KILL
ModuleID[2] LevelID[10]: CMyExceptionHandler::OnMsgExceptionEvent() - KillExceptionHandlerThread
ModuleID[2] LevelID[10]: Exception Handler thread is closed
ModuleID[2] LevelID[1]: delete MxHidDeviceClass
ModuleID[2] LevelID[10]: Device Manager thread is closed
